# step       rmse_trn    rmse_f_trn   lr      
# If there is no available reference data, rmse_*_{val,trn} will print nan
      0      3.72e-02      3.72e-02    1.0e-03
    100      2.77e-02      2.77e-02    1.0e-03
    200      2.57e-02      2.57e-02    1.0e-03
    300      2.40e-02      2.40e-02    1.0e-03
    400      1.95e-02      1.95e-02    1.0e-03
    500      1.73e-02      1.73e-02    1.0e-03
    600      1.65e-02      1.65e-02    1.0e-03
    700      1.61e-02      1.61e-02    1.0e-03
    800      1.60e-02      1.60e-02    1.0e-03
    900      1.51e-02      1.51e-02    1.0e-03
   1000      1.49e-02      1.49e-02    1.0e-03
   1100      1.59e-02      1.59e-02    1.0e-03
   1200      1.38e-02      1.38e-02    1.0e-03
   1300      1.46e-02      1.46e-02    1.0e-03
   1400      1.27e-02      1.27e-02    1.0e-03
   1500      1.17e-02      1.17e-02    1.0e-03
   1600      1.13e-02      1.13e-02    1.0e-03
   1700      1.36e-02      1.36e-02    1.0e-03
   1800      1.04e-02      1.04e-02    1.0e-03
   1900      9.95e-03      9.95e-03    1.0e-03
   2000      9.50e-03      9.50e-03    1.0e-03
   2100      9.08e-03      9.08e-03    1.0e-03
   2200      9.13e-03      9.13e-03    1.0e-03
   2300      8.11e-03      8.11e-03    1.0e-03
   2400      8.20e-03      8.20e-03    1.0e-03
   2500      7.35e-03      7.35e-03    1.0e-03
   2600      7.27e-03      7.27e-03    1.0e-03
   2700      6.69e-03      6.69e-03    1.0e-03
   2800      6.53e-03      6.53e-03    1.0e-03
   2900      1.20e-02      1.20e-02    1.0e-03
   3000      6.03e-03      6.03e-03    1.0e-03
   3100      7.37e-03      7.37e-03    1.0e-03
   3200      5.67e-03      5.67e-03    1.0e-03
   3300      5.60e-03      5.60e-03    1.0e-03
   3400      5.26e-03      5.26e-03    1.0e-03
   3500      5.22e-03      5.22e-03    1.0e-03
   3600      5.00e-03      5.00e-03    1.0e-03
   3700      4.80e-03      4.80e-03    1.0e-03
   3800      4.72e-03      4.72e-03    1.0e-03
   3900      1.41e-02      1.41e-02    1.0e-03
   4000      4.28e-03      4.28e-03    1.0e-03
   4100      4.24e-03      4.24e-03    1.0e-03
   4200      8.67e-03      8.67e-03    1.0e-03
   4300      3.84e-03      3.84e-03    1.0e-03
   4400      3.74e-03      3.74e-03    1.0e-03
   4500      4.08e-03      4.08e-03    1.0e-03
   4600      3.45e-03      3.45e-03    1.0e-03
   4700      3.36e-03      3.36e-03    1.0e-03
   4800      4.81e-03      4.81e-03    1.0e-03
   4900      3.10e-03      3.10e-03    1.0e-03
   5000      3.05e-03      3.05e-03    5.6e-04
   5100      2.90e-03      2.90e-03    5.6e-04
   5200      2.81e-03      2.81e-03    5.6e-04
   5300      2.71e-03      2.71e-03    5.6e-04
   5400      2.62e-03      2.62e-03    5.6e-04
   5500      2.53e-03      2.53e-03    5.6e-04
   5600      2.44e-03      2.44e-03    5.6e-04
   5700      2.35e-03      2.35e-03    5.6e-04
   5800      2.50e-03      2.50e-03    5.6e-04
   5900      2.28e-03      2.28e-03    5.6e-04
   6000      2.19e-03      2.19e-03    5.6e-04
   6100      2.11e-03      2.11e-03    5.6e-04
   6200      2.15e-03      2.15e-03    5.6e-04
   6300      2.01e-03      2.01e-03    5.6e-04
   6400      1.98e-03      1.98e-03    5.6e-04
   6500      1.89e-03      1.89e-03    5.6e-04
   6600      2.33e-03      2.33e-03    5.6e-04
   6700      1.80e-03      1.80e-03    5.6e-04
   6800      1.76e-03      1.76e-03    5.6e-04
   6900      2.03e-03      2.03e-03    5.6e-04
   7000      1.85e-03      1.85e-03    5.6e-04
   7100      1.60e-03      1.60e-03    5.6e-04
   7200      1.58e-03      1.58e-03    5.6e-04
   7300      1.71e-03      1.71e-03    5.6e-04
   7400      1.52e-03      1.52e-03    5.6e-04
   7500      1.57e-03      1.57e-03    5.6e-04
   7600      1.42e-03      1.42e-03    5.6e-04
   7700      1.54e-03      1.54e-03    5.6e-04
   7800      3.47e-03      3.47e-03    5.6e-04
   7900      1.32e-03      1.32e-03    5.6e-04
   8000      2.31e-03      2.31e-03    5.6e-04
   8100      1.25e-03      1.25e-03    5.6e-04
   8200      1.75e-03      1.75e-03    5.6e-04
   8300      1.18e-03      1.18e-03    5.6e-04
   8400      1.16e-03      1.16e-03    5.6e-04
   8500      1.24e-03      1.24e-03    5.6e-04
   8600      1.58e-03      1.58e-03    5.6e-04
   8700      1.07e-03      1.07e-03    5.6e-04
   8800      1.10e-03      1.10e-03    5.6e-04
   8900      1.32e-03      1.32e-03    5.6e-04
   9000      1.35e-03      1.35e-03    5.6e-04
   9100      9.59e-04      9.59e-04    5.6e-04
   9200      9.54e-04      9.54e-04    5.6e-04
   9300      1.03e-03      1.03e-03    5.6e-04
   9400      2.34e-03      2.34e-03    5.6e-04
   9500      8.74e-04      8.74e-04    5.6e-04
   9600      8.78e-04      8.78e-04    5.6e-04
   9700      2.83e-03      2.83e-03    5.6e-04
   9800      8.17e-04      8.17e-04    5.6e-04
   9900      8.18e-04      8.18e-04    5.6e-04
  10000      8.55e-04      8.55e-04    3.2e-04
  10100      7.66e-04      7.66e-04    3.2e-04
  10200      7.44e-04      7.44e-04    3.2e-04
  10300      7.23e-04      7.23e-04    3.2e-04
  10400      7.03e-04      7.03e-04    3.2e-04
  10500      6.83e-04      6.83e-04    3.2e-04
  10600      6.64e-04      6.64e-04    3.2e-04
  10700      6.44e-04      6.44e-04    3.2e-04
  10800      6.25e-04      6.25e-04    3.2e-04
  10900      6.05e-04      6.05e-04    3.2e-04
  11000      5.86e-04      5.86e-04    3.2e-04
  11100      6.75e-04      6.75e-04    3.2e-04
  11200      5.70e-04      5.70e-04    3.2e-04
  11300      3.46e-03      3.46e-03    3.2e-04
  11400      5.44e-04      5.44e-04    3.2e-04
  11500      5.93e-04      5.93e-04    3.2e-04
  11600      5.15e-04      5.15e-04    3.2e-04
  11700      5.96e-04      5.96e-04    3.2e-04
  11800      1.20e-03      1.20e-03    3.2e-04
  11900      1.98e-03      1.98e-03    3.2e-04
  12000      4.72e-04      4.72e-04    3.2e-04
  12100      4.99e-04      4.99e-04    3.2e-04
  12200      4.92e-04      4.92e-04    3.2e-04
  12300      4.90e-04      4.90e-04    3.2e-04
  12400      4.35e-04      4.35e-04    3.2e-04
  12500      4.30e-04      4.30e-04    3.2e-04
  12600      4.24e-04      4.24e-04    3.2e-04
  12700      4.04e-04      4.04e-04    3.2e-04
  12800      4.04e-04      4.04e-04    3.2e-04
  12900      8.76e-04      8.76e-04    3.2e-04
  13000      1.40e-03      1.40e-03    3.2e-04
  13100      3.76e-04      3.76e-04    3.2e-04
  13200      3.76e-04      3.76e-04    3.2e-04
  13300      4.96e-04      4.96e-04    3.2e-04
  13400      1.30e-03      1.30e-03    3.2e-04
  13500      4.00e-04      4.00e-04    3.2e-04
  13600      5.60e-04      5.60e-04    3.2e-04
  13700      3.67e-04      3.67e-04    3.2e-04
  13800      8.27e-04      8.27e-04    3.2e-04
  13900      3.34e-04      3.34e-04    3.2e-04
  14000      3.22e-04      3.22e-04    3.2e-04
  14100      3.28e-04      3.28e-04    3.2e-04
  14200      4.40e-04      4.40e-04    3.2e-04
  14300      3.02e-04      3.02e-04    3.2e-04
  14400      3.12e-04      3.12e-04    3.2e-04
  14500      3.18e-04      3.18e-04    3.2e-04
  14600      2.98e-04      2.98e-04    3.2e-04
  14700      5.89e-04      5.89e-04    3.2e-04
  14800      3.12e-04      3.12e-04    3.2e-04
  14900      2.82e-04      2.82e-04    3.2e-04
  15000      4.18e-04      4.18e-04    1.8e-04
  15100      2.66e-04      2.66e-04    1.8e-04
  15200      2.61e-04      2.61e-04    1.8e-04
  15300      2.56e-04      2.56e-04    1.8e-04
  15400      2.51e-04      2.51e-04    1.8e-04
  15500      2.46e-04      2.46e-04    1.8e-04
  15600      2.41e-04      2.41e-04    1.8e-04
  15700      2.37e-04      2.37e-04    1.8e-04
  15800      2.32e-04      2.32e-04    1.8e-04
  15900      2.28e-04      2.28e-04    1.8e-04
  16000      2.23e-04      2.23e-04    1.8e-04
  16100      2.19e-04      2.19e-04    1.8e-04
  16200      3.14e-03      3.14e-03    1.8e-04
  16300      2.19e-04      2.19e-04    1.8e-04
  16400      2.20e-04      2.20e-04    1.8e-04
  16500      2.12e-04      2.12e-04    1.8e-04
  16600      9.32e-04      9.32e-04    1.8e-04
  16700      2.05e-04      2.05e-04    1.8e-04
  16800      9.73e-04      9.73e-04    1.8e-04
  16900      2.00e-04      2.00e-04    1.8e-04
  17000      2.25e-04      2.25e-04    1.8e-04
  17100      2.15e-04      2.15e-04    1.8e-04
  17200      3.26e-04      3.26e-04    1.8e-04
  17300      2.00e-04      2.00e-04    1.8e-04
  17400      3.80e-04      3.80e-04    1.8e-04
  17500      7.23e-04      7.23e-04    1.8e-04
  17600      1.83e-04      1.83e-04    1.8e-04
  17700      2.08e-04      2.08e-04    1.8e-04
  17800      1.85e-04      1.85e-04    1.8e-04
  17900      2.73e-04      2.73e-04    1.8e-04
  18000      1.97e-04      1.97e-04    1.8e-04
  18100      2.37e-04      2.37e-04    1.8e-04
  18200      4.03e-04      4.03e-04    1.8e-04
  18300      1.71e-04      1.71e-04    1.8e-04
  18400      1.77e-04      1.77e-04    1.8e-04
  18500      1.72e-04      1.72e-04    1.8e-04
  18600      1.72e-04      1.72e-04    1.8e-04
  18700      1.89e-04      1.89e-04    1.8e-04
  18800      1.87e-04      1.87e-04    1.8e-04
  18900      3.48e-04      3.48e-04    1.8e-04
  19000      2.29e-04      2.29e-04    1.8e-04
  19100      2.26e-04      2.26e-04    1.8e-04
  19200      3.59e-04      3.59e-04    1.8e-04
  19300      2.47e-04      2.47e-04    1.8e-04
  19400      1.62e-04      1.62e-04    1.8e-04
  19500      4.44e-04      4.44e-04    1.8e-04
  19600      4.29e-04      4.29e-04    1.8e-04
  19700      1.45e-03      1.45e-03    1.8e-04
  19800      2.94e-04      2.94e-04    1.8e-04
  19900      1.88e-03      1.88e-03    1.8e-04
  20000      1.93e-04      1.93e-04    1.0e-04
  20100      1.50e-04      1.50e-04    1.0e-04
  20200      1.49e-04      1.49e-04    1.0e-04
  20300      1.48e-04      1.48e-04    1.0e-04
  20400      1.47e-04      1.47e-04    1.0e-04
  20500      1.46e-04      1.46e-04    1.0e-04
  20600      1.45e-04      1.45e-04    1.0e-04
  20700      1.44e-04      1.44e-04    1.0e-04
  20800      1.43e-04      1.43e-04    1.0e-04
  20900      1.42e-04      1.42e-04    1.0e-04
  21000      1.41e-04      1.41e-04    1.0e-04
  21100      1.40e-04      1.40e-04    1.0e-04
  21200      1.40e-04      1.40e-04    1.0e-04
  21300      1.85e-04      1.85e-04    1.0e-04
  21400      1.39e-04      1.39e-04    1.0e-04
  21500      1.48e-04      1.48e-04    1.0e-04
  21600      2.27e-04      2.27e-04    1.0e-04
  21700      1.37e-04      1.37e-04    1.0e-04
  21800      1.39e-04      1.39e-04    1.0e-04
  21900      1.80e-04      1.80e-04    1.0e-04
  22000      1.13e-03      1.13e-03    1.0e-04
  22100      3.55e-04      3.55e-04    1.0e-04
  22200      1.82e-04      1.82e-04    1.0e-04
  22300      2.19e-04      2.19e-04    1.0e-04
  22400      1.34e-04      1.34e-04    1.0e-04
  22500      1.33e-04      1.33e-04    1.0e-04
  22600      1.33e-04      1.33e-04    1.0e-04
  22700      1.32e-04      1.32e-04    1.0e-04
  22800      1.34e-04      1.34e-04    1.0e-04
  22900      1.51e-04      1.51e-04    1.0e-04
  23000      1.70e-04      1.70e-04    1.0e-04
  23100      5.41e-04      5.41e-04    1.0e-04
  23200      4.94e-04      4.94e-04    1.0e-04
  23300      1.73e-04      1.73e-04    1.0e-04
  23400      3.88e-04      3.88e-04    1.0e-04
  23500      4.28e-04      4.28e-04    1.0e-04
  23600      2.19e-04      2.19e-04    1.0e-04
  23700      1.53e-04      1.53e-04    1.0e-04
  23800      1.30e-04      1.30e-04    1.0e-04
  23900      1.48e-04      1.48e-04    1.0e-04
  24000      2.96e-04      2.96e-04    1.0e-04
  24100      1.81e-04      1.81e-04    1.0e-04
  24200      1.33e-04      1.33e-04    1.0e-04
  24300      1.45e-04      1.45e-04    1.0e-04
  24400      3.01e-04      3.01e-04    1.0e-04
  24500      1.35e-04      1.35e-04    1.0e-04
  24600      3.37e-04      3.37e-04    1.0e-04
  24700      6.19e-04      6.19e-04    1.0e-04
  24800      3.89e-04      3.89e-04    1.0e-04
  24900      4.54e-04      4.54e-04    1.0e-04
  25000      1.26e-04      1.26e-04    5.6e-05
  25100      1.26e-04      1.26e-04    5.6e-05
  25200      1.26e-04      1.26e-04    5.6e-05
  25300      1.26e-04      1.26e-04    5.6e-05
  25400      1.26e-04      1.26e-04    5.6e-05
  25500      1.25e-04      1.25e-04    5.6e-05
  25600      1.25e-04      1.25e-04    5.6e-05
  25700      1.25e-04      1.25e-04    5.6e-05
  25800      1.25e-04      1.25e-04    5.6e-05
  25900      1.25e-04      1.25e-04    5.6e-05
  26000      1.25e-04      1.25e-04    5.6e-05
  26100      1.25e-04      1.25e-04    5.6e-05
  26200      1.24e-04      1.24e-04    5.6e-05
  26300      2.95e-04      2.95e-04    5.6e-05
  26400      1.24e-04      1.24e-04    5.6e-05
  26500      3.35e-04      3.35e-04    5.6e-05
  26600      1.24e-04      1.24e-04    5.6e-05
  26700      1.30e-04      1.30e-04    5.6e-05
  26800      1.49e-04      1.49e-04    5.6e-05
  26900      1.28e-04      1.28e-04    5.6e-05
  27000      2.30e-04      2.30e-04    5.6e-05
  27100      1.70e-04      1.70e-04    5.6e-05
  27200      1.47e-04      1.47e-04    5.6e-05
  27300      1.80e-04      1.80e-04    5.6e-05
  27400      1.50e-04      1.50e-04    5.6e-05
  27500      3.02e-04      3.02e-04    5.6e-05
  27600      1.65e-04      1.65e-04    5.6e-05
  27700      1.64e-04      1.64e-04    5.6e-05
  27800      2.04e-04      2.04e-04    5.6e-05
  27900      1.25e-04      1.25e-04    5.6e-05
  28000      1.70e-04      1.70e-04    5.6e-05
  28100      3.32e-04      3.32e-04    5.6e-05
  28200      2.15e-04      2.15e-04    5.6e-05
  28300      1.42e-04      1.42e-04    5.6e-05
  28400      1.84e-04      1.84e-04    5.6e-05
  28500      2.32e-04      2.32e-04    5.6e-05
  28600      1.81e-04      1.81e-04    5.6e-05
  28700      2.47e-04      2.47e-04    5.6e-05
  28800      1.22e-04      1.22e-04    5.6e-05
  28900      1.26e-04      1.26e-04    5.6e-05
  29000      1.39e-04      1.39e-04    5.6e-05
  29100      3.84e-04      3.84e-04    5.6e-05
  29200      1.73e-04      1.73e-04    5.6e-05
  29300      1.48e-04      1.48e-04    5.6e-05
  29400      1.35e-04      1.35e-04    5.6e-05
  29500      2.91e-04      2.91e-04    5.6e-05
  29600      1.36e-04      1.36e-04    5.6e-05
  29700      1.39e-04      1.39e-04    5.6e-05
  29800      1.37e-04      1.37e-04    5.6e-05
  29900      2.08e-04      2.08e-04    5.6e-05
  30000      1.39e-04      1.39e-04    3.2e-05
  30100      1.22e-04      1.22e-04    3.2e-05
  30200      1.22e-04      1.22e-04    3.2e-05
  30300      1.22e-04      1.22e-04    3.2e-05
  30400      1.22e-04      1.22e-04    3.2e-05
  30500      1.22e-04      1.22e-04    3.2e-05
  30600      1.22e-04      1.22e-04    3.2e-05
  30700      1.22e-04      1.22e-04    3.2e-05
  30800      1.22e-04      1.22e-04    3.2e-05
  30900      1.22e-04      1.22e-04    3.2e-05
  31000      1.22e-04      1.22e-04    3.2e-05
  31100      1.22e-04      1.22e-04    3.2e-05
  31200      1.22e-04      1.22e-04    3.2e-05
  31300      1.22e-04      1.22e-04    3.2e-05
  31400      1.23e-04      1.23e-04    3.2e-05
  31500      1.22e-04      1.22e-04    3.2e-05
  31600      1.22e-04      1.22e-04    3.2e-05
  31700      1.41e-04      1.41e-04    3.2e-05
  31800      1.21e-04      1.21e-04    3.2e-05
  31900      1.36e-04      1.36e-04    3.2e-05
  32000      2.42e-04      2.42e-04    3.2e-05
  32100      1.21e-04      1.21e-04    3.2e-05
  32200      1.22e-04      1.22e-04    3.2e-05
  32300      1.22e-04      1.22e-04    3.2e-05
  32400      1.22e-04      1.22e-04    3.2e-05
  32500      1.26e-04      1.26e-04    3.2e-05
  32600      1.29e-04      1.29e-04    3.2e-05
  32700      1.78e-04      1.78e-04    3.2e-05
  32800      1.21e-04      1.21e-04    3.2e-05
  32900      1.21e-04      1.21e-04    3.2e-05
  33000      1.21e-04      1.21e-04    3.2e-05
  33100      1.34e-04      1.34e-04    3.2e-05
  33200      1.22e-04      1.22e-04    3.2e-05
  33300      1.21e-04      1.21e-04    3.2e-05
  33400      1.21e-04      1.21e-04    3.2e-05
  33500      1.33e-04      1.33e-04    3.2e-05
  33600      1.22e-04      1.22e-04    3.2e-05
  33700      1.21e-04      1.21e-04    3.2e-05
  33800      1.22e-04      1.22e-04    3.2e-05
  33900      2.06e-04      2.06e-04    3.2e-05
  34000      1.22e-04      1.22e-04    3.2e-05
  34100      1.57e-04      1.57e-04    3.2e-05
  34200      1.21e-04      1.21e-04    3.2e-05
  34300      1.24e-04      1.24e-04    3.2e-05
  34400      1.22e-04      1.22e-04    3.2e-05
  34500      1.21e-04      1.21e-04    3.2e-05
  34600      1.22e-04      1.22e-04    3.2e-05
  34700      1.23e-04      1.23e-04    3.2e-05
  34800      1.22e-04      1.22e-04    3.2e-05
  34900      1.23e-04      1.23e-04    3.2e-05
  35000      1.29e-04      1.29e-04    1.8e-05
  35100      1.21e-04      1.21e-04    1.8e-05
  35200      1.21e-04      1.21e-04    1.8e-05
  35300      1.21e-04      1.21e-04    1.8e-05
  35400      1.21e-04      1.21e-04    1.8e-05
  35500      1.21e-04      1.21e-04    1.8e-05
  35600      1.21e-04      1.21e-04    1.8e-05
  35700      1.21e-04      1.21e-04    1.8e-05
  35800      1.21e-04      1.21e-04    1.8e-05
  35900      1.21e-04      1.21e-04    1.8e-05
  36000      1.21e-04      1.21e-04    1.8e-05
  36100      1.21e-04      1.21e-04    1.8e-05
  36200      1.21e-04      1.21e-04    1.8e-05
  36300      1.21e-04      1.21e-04    1.8e-05
  36400      1.57e-04      1.57e-04    1.8e-05
  36500      1.21e-04      1.21e-04    1.8e-05
  36600      2.07e-04      2.07e-04    1.8e-05
  36700      1.21e-04      1.21e-04    1.8e-05
  36800      1.24e-04      1.24e-04    1.8e-05
  36900      1.21e-04      1.21e-04    1.8e-05
  37000      1.22e-04      1.22e-04    1.8e-05
  37100      1.21e-04      1.21e-04    1.8e-05
  37200      1.21e-04      1.21e-04    1.8e-05
  37300      1.21e-04      1.21e-04    1.8e-05
  37400      1.25e-04      1.25e-04    1.8e-05
  37500      1.35e-04      1.35e-04    1.8e-05
  37600      1.23e-04      1.23e-04    1.8e-05
  37700      1.91e-04      1.91e-04    1.8e-05
  37800      1.22e-04      1.22e-04    1.8e-05
  37900      1.30e-04      1.30e-04    1.8e-05
  38000      1.22e-04      1.22e-04    1.8e-05
  38100      1.21e-04      1.21e-04    1.8e-05
  38200      1.22e-04      1.22e-04    1.8e-05
  38300      1.55e-04      1.55e-04    1.8e-05
  38400      1.23e-04      1.23e-04    1.8e-05
  38500      1.29e-04      1.29e-04    1.8e-05
  38600      1.21e-04      1.21e-04    1.8e-05
  38700      1.28e-04      1.28e-04    1.8e-05
  38800      1.25e-04      1.25e-04    1.8e-05
  38900      1.26e-04      1.26e-04    1.8e-05
  39000      1.21e-04      1.21e-04    1.8e-05
  39100      1.21e-04      1.21e-04    1.8e-05
  39200      1.21e-04      1.21e-04    1.8e-05
  39300      1.21e-04      1.21e-04    1.8e-05
  39400      1.23e-04      1.23e-04    1.8e-05
  39500      1.65e-04      1.65e-04    1.8e-05
  39600      1.21e-04      1.21e-04    1.8e-05
  39700      1.44e-04      1.44e-04    1.8e-05
  39800      1.21e-04      1.21e-04    1.8e-05
  39900      1.21e-04      1.21e-04    1.8e-05
  40000      1.21e-04      1.21e-04    1.0e-05
  40100      1.21e-04      1.21e-04    1.0e-05
  40200      1.21e-04      1.21e-04    1.0e-05
  40300      1.21e-04      1.21e-04    1.0e-05
  40400      1.21e-04      1.21e-04    1.0e-05
  40500      1.21e-04      1.21e-04    1.0e-05
  40600      1.21e-04      1.21e-04    1.0e-05
  40700      1.21e-04      1.21e-04    1.0e-05
  40800      1.21e-04      1.21e-04    1.0e-05
  40900      1.21e-04      1.21e-04    1.0e-05
  41000      1.21e-04      1.21e-04    1.0e-05
  41100      1.21e-04      1.21e-04    1.0e-05
  41200      1.21e-04      1.21e-04    1.0e-05
  41300      1.21e-04      1.21e-04    1.0e-05
  41400      1.21e-04      1.21e-04    1.0e-05
  41500      1.21e-04      1.21e-04    1.0e-05
  41600      1.21e-04      1.21e-04    1.0e-05
  41700      1.21e-04      1.21e-04    1.0e-05
  41800      1.21e-04      1.21e-04    1.0e-05
  41900      1.21e-04      1.21e-04    1.0e-05
  42000      1.21e-04      1.21e-04    1.0e-05
  42100      1.22e-04      1.22e-04    1.0e-05
  42200      1.21e-04      1.21e-04    1.0e-05
  42300      1.22e-04      1.22e-04    1.0e-05
  42400      1.21e-04      1.21e-04    1.0e-05
  42500      1.24e-04      1.24e-04    1.0e-05
  42600      1.21e-04      1.21e-04    1.0e-05
  42700      1.21e-04      1.21e-04    1.0e-05
  42800      1.21e-04      1.21e-04    1.0e-05
  42900      1.21e-04      1.21e-04    1.0e-05
  43000      1.21e-04      1.21e-04    1.0e-05
  43100      1.21e-04      1.21e-04    1.0e-05
  43200      1.43e-04      1.43e-04    1.0e-05
  43300      1.21e-04      1.21e-04    1.0e-05
  43400      1.21e-04      1.21e-04    1.0e-05
  43500      1.21e-04      1.21e-04    1.0e-05
  43600      1.21e-04      1.21e-04    1.0e-05
  43700      1.21e-04      1.21e-04    1.0e-05
  43800      1.21e-04      1.21e-04    1.0e-05
  43900      1.21e-04      1.21e-04    1.0e-05
  44000      1.21e-04      1.21e-04    1.0e-05
  44100      1.21e-04      1.21e-04    1.0e-05
  44200      1.21e-04      1.21e-04    1.0e-05
  44300      1.21e-04      1.21e-04    1.0e-05
  44400      1.21e-04      1.21e-04    1.0e-05
  44500      1.25e-04      1.25e-04    1.0e-05
  44600      1.21e-04      1.21e-04    1.0e-05
  44700      1.21e-04      1.21e-04    1.0e-05
  44800      1.21e-04      1.21e-04    1.0e-05
  44900      1.21e-04      1.21e-04    1.0e-05
  45000      1.21e-04      1.21e-04    5.6e-06
  45100      1.21e-04      1.21e-04    5.6e-06
  45200      1.21e-04      1.21e-04    5.6e-06
  45300      1.21e-04      1.21e-04    5.6e-06
  45400      1.21e-04      1.21e-04    5.6e-06
  45500      1.21e-04      1.21e-04    5.6e-06
  45600      1.21e-04      1.21e-04    5.6e-06
  45700      1.21e-04      1.21e-04    5.6e-06
  45800      1.21e-04      1.21e-04    5.6e-06
  45900      1.21e-04      1.21e-04    5.6e-06
  46000      1.21e-04      1.21e-04    5.6e-06
  46100      1.21e-04      1.21e-04    5.6e-06
  46200      1.21e-04      1.21e-04    5.6e-06
  46300      1.21e-04      1.21e-04    5.6e-06
  46400      1.21e-04      1.21e-04    5.6e-06
  46500      1.21e-04      1.21e-04    5.6e-06
  46600      1.21e-04      1.21e-04    5.6e-06
  46700      1.21e-04      1.21e-04    5.6e-06
  46800      1.21e-04      1.21e-04    5.6e-06
  46900      1.21e-04      1.21e-04    5.6e-06
  47000      1.21e-04      1.21e-04    5.6e-06
  47100      1.21e-04      1.21e-04    5.6e-06
  47200      1.21e-04      1.21e-04    5.6e-06
  47300      1.21e-04      1.21e-04    5.6e-06
  47400      1.21e-04      1.21e-04    5.6e-06
  47500      1.21e-04      1.21e-04    5.6e-06
  47600      1.21e-04      1.21e-04    5.6e-06
  47700      1.21e-04      1.21e-04    5.6e-06
  47800      1.21e-04      1.21e-04    5.6e-06
  47900      1.21e-04      1.21e-04    5.6e-06
  48000      1.22e-04      1.22e-04    5.6e-06
  48100      1.22e-04      1.22e-04    5.6e-06
  48200      1.21e-04      1.21e-04    5.6e-06
  48300      1.21e-04      1.21e-04    5.6e-06
  48400      1.21e-04      1.21e-04    5.6e-06
  48500      1.21e-04      1.21e-04    5.6e-06
  48600      1.21e-04      1.21e-04    5.6e-06
  48700      1.21e-04      1.21e-04    5.6e-06
  48800      1.21e-04      1.21e-04    5.6e-06
  48900      1.21e-04      1.21e-04    5.6e-06
  49000      1.21e-04      1.21e-04    5.6e-06
  49100      1.21e-04      1.21e-04    5.6e-06
  49200      1.21e-04      1.21e-04    5.6e-06
  49300      1.21e-04      1.21e-04    5.6e-06
  49400      1.21e-04      1.21e-04    5.6e-06
  49500      1.21e-04      1.21e-04    5.6e-06
  49600      1.21e-04      1.21e-04    5.6e-06
  49700      1.21e-04      1.21e-04    5.6e-06
  49800      1.21e-04      1.21e-04    5.6e-06
  49900      1.24e-04      1.24e-04    5.6e-06
  50000      1.21e-04      1.21e-04    3.2e-06
  50100      1.21e-04      1.21e-04    3.2e-06
  50200      1.21e-04      1.21e-04    3.2e-06
  50300      1.21e-04      1.21e-04    3.2e-06
  50400      1.21e-04      1.21e-04    3.2e-06
  50500      1.21e-04      1.21e-04    3.2e-06
  50600      1.21e-04      1.21e-04    3.2e-06
  50700      1.21e-04      1.21e-04    3.2e-06
  50800      1.21e-04      1.21e-04    3.2e-06
  50900      1.21e-04      1.21e-04    3.2e-06
  51000      1.21e-04      1.21e-04    3.2e-06
  51100      1.21e-04      1.21e-04    3.2e-06
  51200      1.21e-04      1.21e-04    3.2e-06
  51300      1.21e-04      1.21e-04    3.2e-06
  51400      1.21e-04      1.21e-04    3.2e-06
  51500      1.21e-04      1.21e-04    3.2e-06
  51600      1.21e-04      1.21e-04    3.2e-06
  51700      1.21e-04      1.21e-04    3.2e-06
  51800      1.21e-04      1.21e-04    3.2e-06
  51900      1.21e-04      1.21e-04    3.2e-06
  52000      1.21e-04      1.21e-04    3.2e-06
  52100      1.21e-04      1.21e-04    3.2e-06
  52200      1.21e-04      1.21e-04    3.2e-06
  52300      1.21e-04      1.21e-04    3.2e-06
  52400      1.21e-04      1.21e-04    3.2e-06
  52500      1.21e-04      1.21e-04    3.2e-06
  52600      1.21e-04      1.21e-04    3.2e-06
  52700      1.21e-04      1.21e-04    3.2e-06
  52800      1.21e-04      1.21e-04    3.2e-06
  52900      1.21e-04      1.21e-04    3.2e-06
  53000      1.21e-04      1.21e-04    3.2e-06
  53100      1.21e-04      1.21e-04    3.2e-06
  53200      1.21e-04      1.21e-04    3.2e-06
  53300      1.21e-04      1.21e-04    3.2e-06
  53400      1.21e-04      1.21e-04    3.2e-06
  53500      1.21e-04      1.21e-04    3.2e-06
  53600      1.21e-04      1.21e-04    3.2e-06
  53700      1.21e-04      1.21e-04    3.2e-06
  53800      1.21e-04      1.21e-04    3.2e-06
  53900      1.21e-04      1.21e-04    3.2e-06
  54000      1.21e-04      1.21e-04    3.2e-06
  54100      1.21e-04      1.21e-04    3.2e-06
  54200      1.21e-04      1.21e-04    3.2e-06
  54300      1.21e-04      1.21e-04    3.2e-06
  54400      1.21e-04      1.21e-04    3.2e-06
  54500      1.21e-04      1.21e-04    3.2e-06
  54600      1.21e-04      1.21e-04    3.2e-06
  54700      1.21e-04      1.21e-04    3.2e-06
  54800      1.21e-04      1.21e-04    3.2e-06
  54900      1.21e-04      1.21e-04    3.2e-06
  55000      1.22e-04      1.22e-04    1.8e-06
  55100      1.21e-04      1.21e-04    1.8e-06
  55200      1.21e-04      1.21e-04    1.8e-06
  55300      1.21e-04      1.21e-04    1.8e-06
  55400      1.21e-04      1.21e-04    1.8e-06
  55500      1.21e-04      1.21e-04    1.8e-06
  55600      1.21e-04      1.21e-04    1.8e-06
  55700      1.21e-04      1.21e-04    1.8e-06
  55800      1.21e-04      1.21e-04    1.8e-06
  55900      1.21e-04      1.21e-04    1.8e-06
  56000      1.21e-04      1.21e-04    1.8e-06
  56100      1.21e-04      1.21e-04    1.8e-06
  56200      1.21e-04      1.21e-04    1.8e-06
  56300      1.21e-04      1.21e-04    1.8e-06
  56400      1.21e-04      1.21e-04    1.8e-06
  56500      1.21e-04      1.21e-04    1.8e-06
  56600      1.21e-04      1.21e-04    1.8e-06
  56700      1.21e-04      1.21e-04    1.8e-06
  56800      1.21e-04      1.21e-04    1.8e-06
  56900      1.21e-04      1.21e-04    1.8e-06
  57000      1.21e-04      1.21e-04    1.8e-06
  57100      1.21e-04      1.21e-04    1.8e-06
  57200      1.21e-04      1.21e-04    1.8e-06
  57300      1.21e-04      1.21e-04    1.8e-06
  57400      1.21e-04      1.21e-04    1.8e-06
  57500      1.21e-04      1.21e-04    1.8e-06
  57600      1.21e-04      1.21e-04    1.8e-06
  57700      1.21e-04      1.21e-04    1.8e-06
  57800      1.21e-04      1.21e-04    1.8e-06
  57900      1.21e-04      1.21e-04    1.8e-06
  58000      1.21e-04      1.21e-04    1.8e-06
  58100      1.21e-04      1.21e-04    1.8e-06
  58200      1.21e-04      1.21e-04    1.8e-06
  58300      1.21e-04      1.21e-04    1.8e-06
  58400      1.21e-04      1.21e-04    1.8e-06
  58500      1.21e-04      1.21e-04    1.8e-06
  58600      1.21e-04      1.21e-04    1.8e-06
  58700      1.21e-04      1.21e-04    1.8e-06
  58800      1.21e-04      1.21e-04    1.8e-06
  58900      1.21e-04      1.21e-04    1.8e-06
  59000      1.21e-04      1.21e-04    1.8e-06
  59100      1.21e-04      1.21e-04    1.8e-06
  59200      1.21e-04      1.21e-04    1.8e-06
  59300      1.21e-04      1.21e-04    1.8e-06
  59400      1.21e-04      1.21e-04    1.8e-06
  59500      1.21e-04      1.21e-04    1.8e-06
  59600      1.21e-04      1.21e-04    1.8e-06
  59700      1.21e-04      1.21e-04    1.8e-06
  59800      1.21e-04      1.21e-04    1.8e-06
  59900      1.21e-04      1.21e-04    1.8e-06
  60000      1.21e-04      1.21e-04    1.0e-06
  60100      1.21e-04      1.21e-04    1.0e-06
  60200      1.21e-04      1.21e-04    1.0e-06
  60300      1.21e-04      1.21e-04    1.0e-06
  60400      1.21e-04      1.21e-04    1.0e-06
  60500      1.21e-04      1.21e-04    1.0e-06
  60600      1.21e-04      1.21e-04    1.0e-06
  60700      1.21e-04      1.21e-04    1.0e-06
  60800      1.21e-04      1.21e-04    1.0e-06
  60900      1.21e-04      1.21e-04    1.0e-06
  61000      1.21e-04      1.21e-04    1.0e-06
  61100      1.21e-04      1.21e-04    1.0e-06
  61200      1.21e-04      1.21e-04    1.0e-06
  61300      1.21e-04      1.21e-04    1.0e-06
  61400      1.21e-04      1.21e-04    1.0e-06
  61500      1.21e-04      1.21e-04    1.0e-06
  61600      1.21e-04      1.21e-04    1.0e-06
  61700      1.21e-04      1.21e-04    1.0e-06
  61800      1.21e-04      1.21e-04    1.0e-06
  61900      1.21e-04      1.21e-04    1.0e-06
  62000      1.21e-04      1.21e-04    1.0e-06
  62100      1.21e-04      1.21e-04    1.0e-06
  62200      1.21e-04      1.21e-04    1.0e-06
  62300      1.21e-04      1.21e-04    1.0e-06
  62400      1.21e-04      1.21e-04    1.0e-06
  62500      1.21e-04      1.21e-04    1.0e-06
  62600      1.21e-04      1.21e-04    1.0e-06
  62700      1.21e-04      1.21e-04    1.0e-06
  62800      1.21e-04      1.21e-04    1.0e-06
  62900      1.21e-04      1.21e-04    1.0e-06
  63000      1.21e-04      1.21e-04    1.0e-06
  63100      1.21e-04      1.21e-04    1.0e-06
  63200      1.21e-04      1.21e-04    1.0e-06
  63300      1.21e-04      1.21e-04    1.0e-06
  63400      1.21e-04      1.21e-04    1.0e-06
  63500      1.21e-04      1.21e-04    1.0e-06
  63600      1.21e-04      1.21e-04    1.0e-06
  63700      1.21e-04      1.21e-04    1.0e-06
  63800      1.21e-04      1.21e-04    1.0e-06
  63900      1.21e-04      1.21e-04    1.0e-06
  64000      1.21e-04      1.21e-04    1.0e-06
  64100      1.21e-04      1.21e-04    1.0e-06
  64200      1.21e-04      1.21e-04    1.0e-06
  64300      1.21e-04      1.21e-04    1.0e-06
  64400      1.21e-04      1.21e-04    1.0e-06
  64500      1.21e-04      1.21e-04    1.0e-06
  64600      1.21e-04      1.21e-04    1.0e-06
  64700      1.21e-04      1.21e-04    1.0e-06
  64800      1.21e-04      1.21e-04    1.0e-06
  64900      1.21e-04      1.21e-04    1.0e-06
  65000      1.21e-04      1.21e-04    5.6e-07
  65100      1.21e-04      1.21e-04    5.6e-07
  65200      1.21e-04      1.21e-04    5.6e-07
  65300      1.21e-04      1.21e-04    5.6e-07
  65400      1.21e-04      1.21e-04    5.6e-07
  65500      1.21e-04      1.21e-04    5.6e-07
  65600      1.21e-04      1.21e-04    5.6e-07
  65700      1.21e-04      1.21e-04    5.6e-07
  65800      1.21e-04      1.21e-04    5.6e-07
  65900      1.21e-04      1.21e-04    5.6e-07
  66000      1.21e-04      1.21e-04    5.6e-07
  66100      1.21e-04      1.21e-04    5.6e-07
  66200      1.21e-04      1.21e-04    5.6e-07
  66300      1.21e-04      1.21e-04    5.6e-07
  66400      1.21e-04      1.21e-04    5.6e-07
  66500      1.21e-04      1.21e-04    5.6e-07
  66600      1.21e-04      1.21e-04    5.6e-07
  66700      1.21e-04      1.21e-04    5.6e-07
  66800      1.21e-04      1.21e-04    5.6e-07
  66900      1.21e-04      1.21e-04    5.6e-07
  67000      1.21e-04      1.21e-04    5.6e-07
  67100      1.21e-04      1.21e-04    5.6e-07
  67200      1.21e-04      1.21e-04    5.6e-07
  67300      1.21e-04      1.21e-04    5.6e-07
  67400      1.21e-04      1.21e-04    5.6e-07
  67500      1.21e-04      1.21e-04    5.6e-07
  67600      1.21e-04      1.21e-04    5.6e-07
  67700      1.21e-04      1.21e-04    5.6e-07
  67800      1.21e-04      1.21e-04    5.6e-07
  67900      1.21e-04      1.21e-04    5.6e-07
  68000      1.21e-04      1.21e-04    5.6e-07
  68100      1.21e-04      1.21e-04    5.6e-07
  68200      1.21e-04      1.21e-04    5.6e-07
  68300      1.21e-04      1.21e-04    5.6e-07
  68400      1.21e-04      1.21e-04    5.6e-07
  68500      1.21e-04      1.21e-04    5.6e-07
  68600      1.21e-04      1.21e-04    5.6e-07
  68700      1.21e-04      1.21e-04    5.6e-07
  68800      1.21e-04      1.21e-04    5.6e-07
  68900      1.21e-04      1.21e-04    5.6e-07
  69000      1.21e-04      1.21e-04    5.6e-07
  69100      1.21e-04      1.21e-04    5.6e-07
  69200      1.21e-04      1.21e-04    5.6e-07
  69300      1.21e-04      1.21e-04    5.6e-07
  69400      1.21e-04      1.21e-04    5.6e-07
  69500      1.21e-04      1.21e-04    5.6e-07
  69600      1.21e-04      1.21e-04    5.6e-07
  69700      1.21e-04      1.21e-04    5.6e-07
  69800      1.21e-04      1.21e-04    5.6e-07
  69900      1.21e-04      1.21e-04    5.6e-07
  70000      1.21e-04      1.21e-04    3.2e-07
  70100      1.21e-04      1.21e-04    3.2e-07
  70200      1.21e-04      1.21e-04    3.2e-07
  70300      1.21e-04      1.21e-04    3.2e-07
  70400      1.21e-04      1.21e-04    3.2e-07
  70500      1.21e-04      1.21e-04    3.2e-07
  70600      1.21e-04      1.21e-04    3.2e-07
  70700      1.21e-04      1.21e-04    3.2e-07
  70800      1.21e-04      1.21e-04    3.2e-07
  70900      1.21e-04      1.21e-04    3.2e-07
  71000      1.21e-04      1.21e-04    3.2e-07
  71100      1.21e-04      1.21e-04    3.2e-07
  71200      1.21e-04      1.21e-04    3.2e-07
  71300      1.21e-04      1.21e-04    3.2e-07
  71400      1.21e-04      1.21e-04    3.2e-07
  71500      1.21e-04      1.21e-04    3.2e-07
  71600      1.21e-04      1.21e-04    3.2e-07
  71700      1.21e-04      1.21e-04    3.2e-07
  71800      1.21e-04      1.21e-04    3.2e-07
  71900      1.21e-04      1.21e-04    3.2e-07
  72000      1.21e-04      1.21e-04    3.2e-07
  72100      1.21e-04      1.21e-04    3.2e-07
  72200      1.21e-04      1.21e-04    3.2e-07
  72300      1.21e-04      1.21e-04    3.2e-07
  72400      1.21e-04      1.21e-04    3.2e-07
  72500      1.21e-04      1.21e-04    3.2e-07
  72600      1.21e-04      1.21e-04    3.2e-07
  72700      1.21e-04      1.21e-04    3.2e-07
  72800      1.21e-04      1.21e-04    3.2e-07
  72900      1.21e-04      1.21e-04    3.2e-07
  73000      1.21e-04      1.21e-04    3.2e-07
  73100      1.21e-04      1.21e-04    3.2e-07
  73200      1.21e-04      1.21e-04    3.2e-07
  73300      1.21e-04      1.21e-04    3.2e-07
  73400      1.21e-04      1.21e-04    3.2e-07
  73500      1.21e-04      1.21e-04    3.2e-07
  73600      1.21e-04      1.21e-04    3.2e-07
  73700      1.21e-04      1.21e-04    3.2e-07
  73800      1.21e-04      1.21e-04    3.2e-07
  73900      1.21e-04      1.21e-04    3.2e-07
  74000      1.21e-04      1.21e-04    3.2e-07
  74100      1.21e-04      1.21e-04    3.2e-07
  74200      1.21e-04      1.21e-04    3.2e-07
  74300      1.21e-04      1.21e-04    3.2e-07
  74400      1.21e-04      1.21e-04    3.2e-07
  74500      1.21e-04      1.21e-04    3.2e-07
  74600      1.21e-04      1.21e-04    3.2e-07
  74700      1.21e-04      1.21e-04    3.2e-07
  74800      1.21e-04      1.21e-04    3.2e-07
  74900      1.21e-04      1.21e-04    3.2e-07
  75000      1.21e-04      1.21e-04    1.8e-07
  75100      1.21e-04      1.21e-04    1.8e-07
  75200      1.21e-04      1.21e-04    1.8e-07
  75300      1.21e-04      1.21e-04    1.8e-07
  75400      1.21e-04      1.21e-04    1.8e-07
  75500      1.21e-04      1.21e-04    1.8e-07
  75600      1.21e-04      1.21e-04    1.8e-07
  75700      1.21e-04      1.21e-04    1.8e-07
  75800      1.21e-04      1.21e-04    1.8e-07
  75900      1.21e-04      1.21e-04    1.8e-07
  76000      1.21e-04      1.21e-04    1.8e-07
  76100      1.21e-04      1.21e-04    1.8e-07
  76200      1.21e-04      1.21e-04    1.8e-07
  76300      1.21e-04      1.21e-04    1.8e-07
  76400      1.21e-04      1.21e-04    1.8e-07
  76500      1.21e-04      1.21e-04    1.8e-07
  76600      1.21e-04      1.21e-04    1.8e-07
  76700      1.21e-04      1.21e-04    1.8e-07
  76800      1.21e-04      1.21e-04    1.8e-07
  76900      1.21e-04      1.21e-04    1.8e-07
  77000      1.21e-04      1.21e-04    1.8e-07
  77100      1.21e-04      1.21e-04    1.8e-07
  77200      1.21e-04      1.21e-04    1.8e-07
  77300      1.21e-04      1.21e-04    1.8e-07
  77400      1.21e-04      1.21e-04    1.8e-07
  77500      1.21e-04      1.21e-04    1.8e-07
  77600      1.21e-04      1.21e-04    1.8e-07
  77700      1.21e-04      1.21e-04    1.8e-07
  77800      1.21e-04      1.21e-04    1.8e-07
  77900      1.21e-04      1.21e-04    1.8e-07
  78000      1.21e-04      1.21e-04    1.8e-07
  78100      1.21e-04      1.21e-04    1.8e-07
  78200      1.21e-04      1.21e-04    1.8e-07
  78300      1.21e-04      1.21e-04    1.8e-07
  78400      1.21e-04      1.21e-04    1.8e-07
  78500      1.21e-04      1.21e-04    1.8e-07
  78600      1.21e-04      1.21e-04    1.8e-07
  78700      1.21e-04      1.21e-04    1.8e-07
  78800      1.21e-04      1.21e-04    1.8e-07
  78900      1.21e-04      1.21e-04    1.8e-07
  79000      1.21e-04      1.21e-04    1.8e-07
  79100      1.21e-04      1.21e-04    1.8e-07
  79200      1.21e-04      1.21e-04    1.8e-07
  79300      1.21e-04      1.21e-04    1.8e-07
  79400      1.21e-04      1.21e-04    1.8e-07
  79500      1.21e-04      1.21e-04    1.8e-07
  79600      1.21e-04      1.21e-04    1.8e-07
  79700      1.21e-04      1.21e-04    1.8e-07
  79800      1.21e-04      1.21e-04    1.8e-07
  79900      1.21e-04      1.21e-04    1.8e-07
  80000      1.21e-04      1.21e-04    1.0e-07
  80100      1.21e-04      1.21e-04    1.0e-07
  80200      1.21e-04      1.21e-04    1.0e-07
  80300      1.21e-04      1.21e-04    1.0e-07
  80400      1.21e-04      1.21e-04    1.0e-07
  80500      1.21e-04      1.21e-04    1.0e-07
  80600      1.21e-04      1.21e-04    1.0e-07
  80700      1.21e-04      1.21e-04    1.0e-07
  80800      1.21e-04      1.21e-04    1.0e-07
  80900      1.21e-04      1.21e-04    1.0e-07
  81000      1.21e-04      1.21e-04    1.0e-07
  81100      1.21e-04      1.21e-04    1.0e-07
  81200      1.21e-04      1.21e-04    1.0e-07
  81300      1.21e-04      1.21e-04    1.0e-07
  81400      1.21e-04      1.21e-04    1.0e-07
  81500      1.21e-04      1.21e-04    1.0e-07
  81600      1.21e-04      1.21e-04    1.0e-07
  81700      1.21e-04      1.21e-04    1.0e-07
  81800      1.21e-04      1.21e-04    1.0e-07
  81900      1.21e-04      1.21e-04    1.0e-07
  82000      1.21e-04      1.21e-04    1.0e-07
  82100      1.21e-04      1.21e-04    1.0e-07
  82200      1.21e-04      1.21e-04    1.0e-07
  82300      1.21e-04      1.21e-04    1.0e-07
  82400      1.21e-04      1.21e-04    1.0e-07
  82500      1.21e-04      1.21e-04    1.0e-07
  82600      1.21e-04      1.21e-04    1.0e-07
  82700      1.21e-04      1.21e-04    1.0e-07
  82800      1.21e-04      1.21e-04    1.0e-07
  82900      1.21e-04      1.21e-04    1.0e-07
  83000      1.21e-04      1.21e-04    1.0e-07
  83100      1.21e-04      1.21e-04    1.0e-07
  83200      1.21e-04      1.21e-04    1.0e-07
  83300      1.21e-04      1.21e-04    1.0e-07
  83400      1.21e-04      1.21e-04    1.0e-07
  83500      1.21e-04      1.21e-04    1.0e-07
  83600      1.21e-04      1.21e-04    1.0e-07
  83700      1.21e-04      1.21e-04    1.0e-07
  83800      1.21e-04      1.21e-04    1.0e-07
  83900      1.21e-04      1.21e-04    1.0e-07
  84000      1.21e-04      1.21e-04    1.0e-07
  84100      1.21e-04      1.21e-04    1.0e-07
  84200      1.21e-04      1.21e-04    1.0e-07
  84300      1.21e-04      1.21e-04    1.0e-07
  84400      1.21e-04      1.21e-04    1.0e-07
  84500      1.21e-04      1.21e-04    1.0e-07
  84600      1.21e-04      1.21e-04    1.0e-07
  84700      1.21e-04      1.21e-04    1.0e-07
  84800      1.21e-04      1.21e-04    1.0e-07
  84900      1.21e-04      1.21e-04    1.0e-07
  85000      1.21e-04      1.21e-04    5.6e-08
  85100      1.21e-04      1.21e-04    5.6e-08
  85200      1.21e-04      1.21e-04    5.6e-08
  85300      1.21e-04      1.21e-04    5.6e-08
  85400      1.21e-04      1.21e-04    5.6e-08
  85500      1.21e-04      1.21e-04    5.6e-08
  85600      1.21e-04      1.21e-04    5.6e-08
  85700      1.21e-04      1.21e-04    5.6e-08
  85800      1.21e-04      1.21e-04    5.6e-08
  85900      1.21e-04      1.21e-04    5.6e-08
  86000      1.21e-04      1.21e-04    5.6e-08
  86100      1.21e-04      1.21e-04    5.6e-08
  86200      1.21e-04      1.21e-04    5.6e-08
  86300      1.21e-04      1.21e-04    5.6e-08
  86400      1.21e-04      1.21e-04    5.6e-08
  86500      1.21e-04      1.21e-04    5.6e-08
  86600      1.21e-04      1.21e-04    5.6e-08
  86700      1.21e-04      1.21e-04    5.6e-08
  86800      1.21e-04      1.21e-04    5.6e-08
  86900      1.21e-04      1.21e-04    5.6e-08
  87000      1.21e-04      1.21e-04    5.6e-08
  87100      1.21e-04      1.21e-04    5.6e-08
  87200      1.21e-04      1.21e-04    5.6e-08
  87300      1.21e-04      1.21e-04    5.6e-08
  87400      1.21e-04      1.21e-04    5.6e-08
  87500      1.21e-04      1.21e-04    5.6e-08
  87600      1.21e-04      1.21e-04    5.6e-08
  87700      1.21e-04      1.21e-04    5.6e-08
  87800      1.21e-04      1.21e-04    5.6e-08
  87900      1.21e-04      1.21e-04    5.6e-08
  88000      1.21e-04      1.21e-04    5.6e-08
  88100      1.21e-04      1.21e-04    5.6e-08
  88200      1.21e-04      1.21e-04    5.6e-08
  88300      1.21e-04      1.21e-04    5.6e-08
  88400      1.21e-04      1.21e-04    5.6e-08
  88500      1.21e-04      1.21e-04    5.6e-08
  88600      1.21e-04      1.21e-04    5.6e-08
  88700      1.21e-04      1.21e-04    5.6e-08
  88800      1.21e-04      1.21e-04    5.6e-08
  88900      1.21e-04      1.21e-04    5.6e-08
  89000      1.21e-04      1.21e-04    5.6e-08
  89100      1.21e-04      1.21e-04    5.6e-08
  89200      1.21e-04      1.21e-04    5.6e-08
  89300      1.21e-04      1.21e-04    5.6e-08
  89400      1.21e-04      1.21e-04    5.6e-08
  89500      1.21e-04      1.21e-04    5.6e-08
  89600      1.21e-04      1.21e-04    5.6e-08
  89700      1.21e-04      1.21e-04    5.6e-08
  89800      1.21e-04      1.21e-04    5.6e-08
  89900      1.21e-04      1.21e-04    5.6e-08
  90000      1.21e-04      1.21e-04    3.2e-08
  90100      1.21e-04      1.21e-04    3.2e-08
  90200      1.21e-04      1.21e-04    3.2e-08
  90300      1.21e-04      1.21e-04    3.2e-08
  90400      1.21e-04      1.21e-04    3.2e-08
  90500      1.21e-04      1.21e-04    3.2e-08
  90600      1.21e-04      1.21e-04    3.2e-08
  90700      1.21e-04      1.21e-04    3.2e-08
  90800      1.21e-04      1.21e-04    3.2e-08
  90900      1.21e-04      1.21e-04    3.2e-08
  91000      1.21e-04      1.21e-04    3.2e-08
  91100      1.21e-04      1.21e-04    3.2e-08
  91200      1.21e-04      1.21e-04    3.2e-08
  91300      1.21e-04      1.21e-04    3.2e-08
  91400      1.21e-04      1.21e-04    3.2e-08
  91500      1.21e-04      1.21e-04    3.2e-08
  91600      1.21e-04      1.21e-04    3.2e-08
  91700      1.21e-04      1.21e-04    3.2e-08
  91800      1.21e-04      1.21e-04    3.2e-08
  91900      1.21e-04      1.21e-04    3.2e-08
  92000      1.21e-04      1.21e-04    3.2e-08
  92100      1.21e-04      1.21e-04    3.2e-08
  92200      1.21e-04      1.21e-04    3.2e-08
  92300      1.21e-04      1.21e-04    3.2e-08
  92400      1.21e-04      1.21e-04    3.2e-08
  92500      1.21e-04      1.21e-04    3.2e-08
  92600      1.21e-04      1.21e-04    3.2e-08
  92700      1.21e-04      1.21e-04    3.2e-08
  92800      1.21e-04      1.21e-04    3.2e-08
  92900      1.21e-04      1.21e-04    3.2e-08
  93000      1.21e-04      1.21e-04    3.2e-08
  93100      1.21e-04      1.21e-04    3.2e-08
  93200      1.21e-04      1.21e-04    3.2e-08
  93300      1.21e-04      1.21e-04    3.2e-08
  93400      1.21e-04      1.21e-04    3.2e-08
  93500      1.21e-04      1.21e-04    3.2e-08
  93600      1.21e-04      1.21e-04    3.2e-08
  93700      1.21e-04      1.21e-04    3.2e-08
  93800      1.21e-04      1.21e-04    3.2e-08
  93900      1.21e-04      1.21e-04    3.2e-08
  94000      1.21e-04      1.21e-04    3.2e-08
  94100      1.21e-04      1.21e-04    3.2e-08
  94200      1.21e-04      1.21e-04    3.2e-08
  94300      1.21e-04      1.21e-04    3.2e-08
  94400      1.21e-04      1.21e-04    3.2e-08
  94500      1.21e-04      1.21e-04    3.2e-08
  94600      1.21e-04      1.21e-04    3.2e-08
  94700      1.21e-04      1.21e-04    3.2e-08
  94800      1.21e-04      1.21e-04    3.2e-08
  94900      1.21e-04      1.21e-04    3.2e-08
  95000      1.21e-04      1.21e-04    1.8e-08
  95100      1.21e-04      1.21e-04    1.8e-08
  95200      1.21e-04      1.21e-04    1.8e-08
  95300      1.21e-04      1.21e-04    1.8e-08
  95400      1.21e-04      1.21e-04    1.8e-08
  95500      1.21e-04      1.21e-04    1.8e-08
  95600      1.21e-04      1.21e-04    1.8e-08
  95700      1.21e-04      1.21e-04    1.8e-08
  95800      1.21e-04      1.21e-04    1.8e-08
  95900      1.21e-04      1.21e-04    1.8e-08
  96000      1.21e-04      1.21e-04    1.8e-08
  96100      1.21e-04      1.21e-04    1.8e-08
  96200      1.21e-04      1.21e-04    1.8e-08
  96300      1.21e-04      1.21e-04    1.8e-08
  96400      1.21e-04      1.21e-04    1.8e-08
  96500      1.21e-04      1.21e-04    1.8e-08
  96600      1.21e-04      1.21e-04    1.8e-08
  96700      1.21e-04      1.21e-04    1.8e-08
  96800      1.21e-04      1.21e-04    1.8e-08
  96900      1.21e-04      1.21e-04    1.8e-08
  97000      1.21e-04      1.21e-04    1.8e-08
  97100      1.21e-04      1.21e-04    1.8e-08
  97200      1.21e-04      1.21e-04    1.8e-08
  97300      1.21e-04      1.21e-04    1.8e-08
  97400      1.21e-04      1.21e-04    1.8e-08
  97500      1.21e-04      1.21e-04    1.8e-08
  97600      1.21e-04      1.21e-04    1.8e-08
  97700      1.21e-04      1.21e-04    1.8e-08
  97800      1.21e-04      1.21e-04    1.8e-08
  97900      1.21e-04      1.21e-04    1.8e-08
  98000      1.21e-04      1.21e-04    1.8e-08
  98100      1.21e-04      1.21e-04    1.8e-08
  98200      1.21e-04      1.21e-04    1.8e-08
  98300      1.21e-04      1.21e-04    1.8e-08
  98400      1.21e-04      1.21e-04    1.8e-08
  98500      1.21e-04      1.21e-04    1.8e-08
  98600      1.21e-04      1.21e-04    1.8e-08
  98700      1.21e-04      1.21e-04    1.8e-08
  98800      1.21e-04      1.21e-04    1.8e-08
  98900      1.21e-04      1.21e-04    1.8e-08
  99000      1.21e-04      1.21e-04    1.8e-08
  99100      1.21e-04      1.21e-04    1.8e-08
  99200      1.21e-04      1.21e-04    1.8e-08
  99300      1.21e-04      1.21e-04    1.8e-08
  99400      1.21e-04      1.21e-04    1.8e-08
  99500      1.21e-04      1.21e-04    1.8e-08
  99600      1.21e-04      1.21e-04    1.8e-08
  99700      1.21e-04      1.21e-04    1.8e-08
  99800      1.21e-04      1.21e-04    1.8e-08
  99900      1.21e-04      1.21e-04    1.8e-08
 100000      1.21e-04      1.21e-04    1.0e-08
